commodity_demon: {"_event":"heartbeat","data":"h"}
commodity_demon: http://stream20.forexpros.com:80/echo
commodity_demon: {"_event":"heartbeat","data":"h"}
commodity_demon: {"_event":"heartbeat","data":"h"}
commodity_demon: {"message":"pid-8849::{\"pid\":\"8849\",\"last_dir\":\"greenBg\",\"last_numeric\":37.2,\"last\":\"37.20\",\"bid\":\"37.18\",\"ask\":\"37.23\",\"high\":\"37.66\",\"low\":\"37.19\",\"pc\":\"-0.66\",\"pcp\":\"-1.76%\",\"pc_col\":\"redFont\",\"time\":\"0:52:06\",\"timestamp\":1451436726}"}
commodity_demon: {"_event":"heartbeat","data":"h"}
commodity_demon: {"_event":"heartbeat","data":"h"}
commodity_demon: {"message":"pid-8849::{\"pid\":\"8849\",\"last_dir\":\"redBg\",\"last_numeric\":37.2,\"last\":\"37.20\",\"bid\":\"37.17\",\"ask\":\"37.22\",\"high\":\"37.66\",\"low\":\"37.19\",\"pc\":\"-0.67\",\"pcp\":\"-1.78%\",\"pc_col\":\"redFont\",\"time\":\"0:52:12\",\"timestamp\":1451436732}"}
commodity_demon: {"_event":"heartbeat","data":"h"}
commodity_demon: {"message":"pid-8849::{\"pid\":\"8849\",\"last_dir\":\"greenBg\",\"last_numeric\":37.2,\"last\":\"37.20\",\"bid\":\"37.18\",\"ask\":\"37.23\",\"high\":\"37.66\",\"low\":\"37.19\",\"pc\":\"-0.66\",\"pcp\":\"-1.76%\",\"pc_col\":\"redFont\",\"time\":\"0:52:15\",\"timestamp\":1451436735}"}
commodity_demon: {"_event":"heartbeat","data":"h"}
commodity_demon: {"_event":"heartbeat","data":"h"}
commodity_demon: {"message":"pid-8849::{\"pid\":\"8849\",\"last_dir\":\"redBg\",\"last_numeric\":37.2,\"last\":\"37.20\",\"bid\":\"37.17\",\"ask\":\"37.22\",\"high\":\"37.66\",\"low\":\"37.19\",\"pc\":\"-0.67\",\"pcp\":\"-1.78%\",\"pc_col\":\"redFont\",\"time\":\"0:52:21\",\"timestamp\":1451436741}"}
commodity_demon: {"_event":"heartbeat","data":"h"}
commodity_demon: {"_event":"heartbeat","data":"h"}
commodity_demon: {"_event":"heartbeat","data":"h"}
commodity_demon: {"_event":"heartbeat","data":"h"}
commodity_demon: {"_event":"heartbeat","data":"h"}
commodity_demon: {"_event":"heartbeat","data":"h"}
commodity_demon: {"_event":"heartbeat","data":"h"}
commodity_demon: {"_event":"heartbeat","data":"h"}
commodity_demon: {"_event":"heartbeat","data":"h"}
commodity_demon: {"_event":"heartbeat","data":"h"}
commodity_demon: {"message":"pid-8849::{\"pid\":\"8849\",\"last_dir\":\"\",\"last_numeric\":37.2,\"last\":\"37.20\",\"bid\":\"37.17\",\"ask\":\"37.23\",\"high\":\"37.66\",\"low\":\"37.19\",\"pc\":\"-0.67\",\"pcp\":\"-1.77%\",\"pc_col\":\"redFont\",\"time\":\"0:52:45\",\"timestamp\":1451436765}"}
commodity_demon: {"_event":"heartbeat","data":"h"}
commodity_demon: {"message":"pid-8849::{\"pid\":\"8849\",\"last_dir\":\"redBg\",\"last_numeric\":37.2,\"last\":\"37.20\",\"bid\":\"37.17\",\"ask\":\"37.22\",\"high\":\"37.66\",\"low\":\"37.19\",\"pc\":\"-0.67\",\"pcp\":\"-1.78%\",\"pc_col\":\"redFont\",\"time\":\"0:52:48\",\"timestamp\":1451436768}"}
commodity_demon: {"_event":"heartbeat","data":"h"}
commodity_demon: {"_event":"heartbeat","data":"h"}
commodity_demon: {"_event":"heartbeat","data":"h"}
commodity_demon: {"_event":"heartbeat","data":"h"}
commodity_demon: {"_event":"heartbeat","data":"h"}
commodity_demon: {"_event":"heartbeat","data":"h"}
commodity_demon: {"message":"pid-8849::{\"pid\":\"8849\",\"last_dir\":\"redBg\",\"last_numeric\":37.19,\"last\":\"37.19\",\"bid\":\"37.16\",\"ask\":\"37.22\",\"high\":\"37.66\",\"low\":\"37.19\",\"pc\":\"-0.68\",\"pcp\":\"-1.80%\",\"pc_col\":\"redFont\",\"time\":\"0:53:03\",\"timestamp\":1451436783}"}
commodity_demon: {"_event":"heartbeat","data":"h"}
commodity_demon: {"message":"pid-8849::{\"pid\":\"8849\",\"last_dir\":\"greenBg\",\"last_numeric\":37.2,\"last\":\"37.20\",\"bid\":\"37.17\",\"ask\":\"37.22\",\"high\":\"37.66\",\"low\":\"37.19\",\"pc\":\"-0.67\",\"pcp\":\"-1.78%\",\"pc_col\":\"redFont\",\"time\":\"0:53:06\",\"timestamp\":1451436786}"}
commodity_demon: {"_event":"heartbeat","data":"h"}
commodity_demon: {"_event":"heartbeat","data":"h"}
commodity_demon: {"_event":"heartbeat","data":"h"}
commodity_demon: {"_event":"heartbeat","data":"h"}
commodity_demon: {"_event":"heartbeat","data":"h"}
commodity_demon: {"message":"pid-8849::{\"pid\":\"8849\",\"last_dir\":\"redBg\",\"last_numeric\":37.19,\"last\":\"37.19\",\"bid\":\"37.16\",\"ask\":\"37.21\",\"high\":\"37.66\",\"low\":\"37.19\",\"pc\":\"-0.68\",\"pcp\":\"-1.81%\",\"pc_col\":\"redFont\",\"time\":\"0:53:18\",\"timestamp\":1451436798}"}
commodity_demon: {"_event":"heartbeat","data":"h"}
commodity_demon: {"_event":"heartbeat","data":"h"}
commodity_demon: {"_event":"heartbeat","data":"h"}
commodity_demon: {"_event":"heartbeat","data":"h"}
commodity_demon: {"_event":"heartbeat","data":"h"}
commodity_demon: {"_event":"heartbeat","data":"h"}
commodity_demon: {"_event":"heartbeat","data":"h"}
commodity_demon: {"_event":"heartbeat","data":"h"}
commodity_demon: {"_event":"heartbeat","data":"h"}
commodity_demon: {"_event":"heartbeat","data":"h"}
commodity_demon: {"_event":"heartbeat","data":"h"}
commodity_demon: {"_event":"heartbeat","data":"h"}
commodity_demon: {"_event":"heartbeat","data":"h"}
commodity_demon: {"_event":"heartbeat","data":"h"}
commodity_demon: {"_event":"heartbeat","data":"h"}
commodity_demon: {"_event":"heartbeat","data":"h"}
commodity_demon: {"_event":"heartbeat","data":"h"}
commodity_demon: {"_event":"heartbeat","data":"h"}
commodity_demon: {"_event":"heartbeat","data":"h"}
commodity_demon: {"_event":"heartbeat","data":"h"}
commodity_demon: {"_event":"heartbeat","data":"h"}
commodity_demon: {"_event":"heartbeat","data":"h"}
commodity_demon: {"_event":"heartbeat","data":"h"}
commodity_demon: {"_event":"heartbeat","data":"h"}
commodity_demon: {"_event":"heartbeat","data":"h"}
commodity_demon: {"_event":"heartbeat","data":"h"}
commodity_demon: {"_event":"heartbeat","data":"h"}
commodity_demon: {"_event":"heartbeat","data":"h"}
commodity_demon: {"_event":"heartbeat","data":"h"}
commodity_demon: {"_event":"heartbeat","data":"h"}
commodity_demon: {"_event":"heartbeat","data":"h"}
commodity_demon: {"_event":"heartbeat","data":"h"}
commodity_demon: {"_event":"heartbeat","data":"h"}
commodity_demon: {"_event":"heartbeat","data":"h"}
commodity_demon: {"_event":"heartbeat","data":"h"}
commodity_demon: {"_event":"heartbeat","data":"h"}
commodity_demon: {"_event":"heartbeat","data":"h"}
commodity_demon: {"_event":"heartbeat","data":"h"}
commodity_demon: {"_event":"heartbeat","data":"h"}
commodity_demon: {"_event":"heartbeat","data":"h"}
commodity_demon: {"_event":"heartbeat","data":"h"}
commodity_demon: {"_event":"heartbeat","data":"h"}
commodity_demon: {"_event":"heartbeat","data":"h"}
commodity_demon: {"_event":"heartbeat","data":"h"}
commodity_demon: {"_event":"heartbeat","data":"h"}
commodity_demon: {"message":"pid-8849::{\"pid\":\"8849\",\"last_dir\":\"greenBg\",\"last_numeric\":37.2,\"last\":\"37.20\",\"bid\":\"37.17\",\"ask\":\"37.22\",\"high\":\"37.66\",\"low\":\"37.19\",\"pc\":\"-0.67\",\"pcp\":\"-1.78%\",\"pc_col\":\"redFont\",\"time\":\"0:55:03\",\"timestamp\":1451436903}"}
commodity_demon: {"_event":"heartbeat","data":"h"}
commodity_demon: {"_event":"heartbeat","data":"h"}
commodity_demon: {"_event":"heartbeat","data":"h"}
commodity_demon: {"_event":"heartbeat","data":"h"}
commodity_demon: {"_event":"heartbeat","data":"h"}
commodity_demon: {"_event":"heartbeat","data":"h"}
commodity_demon: {"_event":"heartbeat","data":"h"}
commodity_demon: {"_event":"heartbeat","data":"h"}
commodity_demon: {"_event":"heartbeat","data":"h"}
commodity_demon: {"_event":"heartbeat","data":"h"}
commodity_demon: {"_event":"heartbeat","data":"h"}
commodity_demon: {"_event":"heartbeat","data":"h"}
commodity_demon: {"_event":"heartbeat","data":"h"}
commodity_demon: {"message":"pid-8849::{\"pid\":\"8849\",\"last_dir\":\"redBg\",\"last_numeric\":37.19,\"last\":\"37.19\",\"bid\":\"37.16\",\"ask\":\"37.21\",\"high\":\"37.66\",\"low\":\"37.19\",\"pc\":\"-0.68\",\"pcp\":\"-1.81%\",\"pc_col\":\"redFont\",\"time\":\"0:55:33\",\"timestamp\":1451436933}"}
commodity_demon: {"_event":"heartbeat","data":"h"}
commodity_demon: {"_event":"heartbeat","data":"h"}
commodity_demon: {"_event":"heartbeat","data":"h"}
commodity_demon: {"_event":"heartbeat","data":"h"}
commodity_demon: {"_event":"heartbeat","data":"h"}
commodity_demon: {"_event":"heartbeat","data":"h"}
commodity_demon: {"_event":"heartbeat","data":"h"}
commodity_demon: {"_event":"heartbeat","data":"h"}
commodity_demon: {"_event":"heartbeat","data":"h"}
commodity_demon: {"_event":"heartbeat","data":"h"}
commodity_demon: {"_event":"heartbeat","data":"h"}
commodity_demon: {"_event":"heartbeat","data":"h"}
commodity_demon: {"_event":"heartbeat","data":"h"}
commodity_demon: {"_event":"heartbeat","data":"h"}
commodity_demon: {"_event":"heartbeat","data":"h"}
commodity_demon: {"_event":"heartbeat","data":"h"}
commodity_demon: {"_event":"heartbeat","data":"h"}
commodity_demon: {"_event":"heartbeat","data":"h"}
commodity_demon: {"_event":"heartbeat","data":"h"}
commodity_demon: {"_event":"heartbeat","data":"h"}
commodity_demon: {"_event":"heartbeat","data":"h"}
commodity_demon: {"_event":"heartbeat","data":"h"}
commodity_demon: {"_event":"heartbeat","data":"h"}
commodity_demon: {"_event":"heartbeat","data":"h"}
commodity_demon: {"_event":"heartbeat","data":"h"}
commodity_demon: {"_event":"heartbeat","data":"h"}
commodity_demon: {"_event":"heartbeat","data":"h"}
commodity_demon: {"_event":"heartbeat","data":"h"}
commodity_demon: {"message":"pid-8849::{\"pid\":\"8849\",\"last_dir\":\"redBg\",\"last_numeric\":37.16,\"last\":\"37.16\",\"bid\":\"37.13\",\"ask\":\"37.19\",\"high\":\"37.66\",\"low\":\"37.16\",\"pc\":\"-0.71\",\"pcp\":\"-1.87%\",\"pc_col\":\"redFont\",\"time\":\"0:56:39\",\"timestamp\":1451436999}"}
commodity_demon: {"_event":"heartbeat","data":"h"}
commodity_demon: {"_event":"heartbeat","data":"h"}
commodity_demon: {"_event":"heartbeat","data":"h"}
commodity_demon: {"message":"pid-8849::{\"pid\":\"8849\",\"last_dir\":\"redBg\",\"last_numeric\":37.16,\"last\":\"37.16\",\"bid\":\"37.13\",\"ask\":\"37.18\",\"high\":\"37.66\",\"low\":\"37.16\",\"pc\":\"-0.71\",\"pcp\":\"-1.89%\",\"pc_col\":\"redFont\",\"time\":\"0:56:45\",\"timestamp\":1451437005}"}
commodity_demon: {"_event":"heartbeat","data":"h"}
commodity_demon: {"_event":"heartbeat","data":"h"}
commodity_demon: {"message":"pid-8849::{\"pid\":\"8849\",\"last_dir\":\"greenBg\",\"last_numeric\":37.16,\"last\":\"37.16\",\"bid\":\"37.14\",\"ask\":\"37.19\",\"high\":\"37.66\",\"low\":\"37.16\",\"pc\":\"-0.70\",\"pcp\":\"-1.86%\",\"pc_col\":\"redFont\",\"time\":\"0:56:51\",\"timestamp\":1451437011}"}
commodity_demon: {"_event":"heartbeat","data":"h"}
commodity_demon: {"message":"pid-8849::{\"pid\":\"8849\",\"last_dir\":\"\",\"last_numeric\":37.16,\"last\":\"37.16\",\"bid\":\"37.13\",\"ask\":\"37.19\",\"high\":\"37.66\",\"low\":\"37.16\",\"pc\":\"-0.71\",\"pcp\":\"-1.87%\",\"pc_col\":\"redFont\",\"time\":\"0:56:54\",\"timestamp\":1451437014}"}
commodity_demon: {"_event":"heartbeat","data":"h"}
commodity_demon: {"message":"pid-8849::{\"pid\":\"8849\",\"last_dir\":\"greenBg\",\"last_numeric\":37.16,\"last\":\"37.16\",\"bid\":\"37.14\",\"ask\":\"37.19\",\"high\":\"37.66\",\"low\":\"37.16\",\"pc\":\"-0.70\",\"pcp\":\"-1.86%\",\"pc_col\":\"redFont\",\"time\":\"0:56:57\",\"timestamp\":1451437017}"}
commodity_demon: {"_event":"heartbeat","data":"h"}
commodity_demon: {"_event":"heartbeat","data":"h"}
commodity_demon: {"_event":"heartbeat","data":"h"}
commodity_demon: {"_event":"heartbeat","data":"h"}
commodity_demon: {"_event":"heartbeat","data":"h"}
commodity_demon: {"message":"pid-8849::{\"pid\":\"8849\",\"last_dir\":\"\",\"last_numeric\":37.16,\"last\":\"37.16\",\"bid\":\"37.13\",\"ask\":\"37.19\",\"high\":\"37.66\",\"low\":\"37.16\",\"pc\":\"-0.71\",\"pcp\":\"-1.87%\",\"pc_col\":\"redFont\",\"time\":\"0:57:09\",\"timestamp\":1451437029}"}
commodity_demon: {"_event":"heartbeat","data":"h"}
commodity_demon: {"_event":"heartbeat","data":"h"}
commodity_demon: {"_event":"heartbeat","data":"h"}
commodity_demon: {"message":"pid-8849::{\"pid\":\"8849\",\"last_dir\":\"redBg\",\"last_numeric\":37.16,\"last\":\"37.16\",\"bid\":\"37.13\",\"ask\":\"37.18\",\"high\":\"37.66\",\"low\":\"37.16\",\"pc\":\"-0.71\",\"pcp\":\"-1.89%\",\"pc_col\":\"redFont\",\"time\":\"0:57:18\",\"timestamp\":1451437038}"}
commodity_demon: {"_event":"heartbeat","data":"h"}
commodity_demon: {"_event":"heartbeat","data":"h"}
commodity_demon: {"message":"pid-8849::{\"pid\":\"8849\",\"last_dir\":\"greenBg\",\"last_numeric\":37.16,\"last\":\"37.16\",\"bid\":\"37.14\",\"ask\":\"37.19\",\"high\":\"37.66\",\"low\":\"37.16\",\"pc\":\"-0.70\",\"pcp\":\"-1.86%\",\"pc_col\":\"redFont\",\"time\":\"0:57:21\",\"timestamp\":1451437041}"}
commodity_demon: {"_event":"heartbeat","data":"h"}
commodity_demon: {"_event":"heartbeat","data":"h"}
commodity_demon: {"_event":"heartbeat","data":"h"}
commodity_demon: {"_event":"heartbeat","data":"h"}
commodity_demon: {"_event":"heartbeat","data":"h"}
commodity_demon: {"_event":"heartbeat","data":"h"}
commodity_demon: {"_event":"heartbeat","data":"h"}
commodity_demon: {"_event":"heartbeat","data":"h"}
commodity_demon: {"_event":"heartbeat","data":"h"}
commodity_demon: {"_event":"heartbeat","data":"h"}
commodity_demon: {"_event":"heartbeat","data":"h"}
commodity_demon: {"_event":"heartbeat","data":"h"}
commodity_demon: {"_event":"heartbeat","data":"h"}
commodity_demon: {"_event":"heartbeat","data":"h"}
commodity_demon: {"_event":"heartbeat","data":"h"}
commodity_demon: {"_event":"heartbeat","data":"h"}
commodity_demon: {"_event":"heartbeat","data":"h"}
commodity_demon: {"_event":"heartbeat","data":"h"}
commodity_demon: {"message":"pid-8849::{\"pid\":\"8849\",\"last_dir\":\"greenBg\",\"last_numeric\":37.17,\"last\":\"37.17\",\"bid\":\"37.15\",\"ask\":\"37.20\",\"high\":\"37.66\",\"low\":\"37.16\",\"pc\":\"-0.70\",\"pcp\":\"-1.84%\",\"pc_col\":\"redFont\",\"time\":\"0:58:03\",\"timestamp\":1451437083}"}
commodity_demon: {"_event":"heartbeat","data":"h"}
commodity_demon: {"message":"pid-8849::{\"pid\":\"8849\",\"last_dir\":\"redBg\",\"last_numeric\":37.16,\"last\":\"37.16\",\"bid\":\"37.14\",\"ask\":\"37.19\",\"high\":\"37.66\",\"low\":\"37.16\",\"pc\":\"-0.70\",\"pcp\":\"-1.86%\",\"pc_col\":\"redFont\",\"time\":\"0:58:06\",\"timestamp\":1451437086}"}
commodity_demon: {"_event":"heartbeat","data":"h"}
commodity_demon: {"_event":"heartbeat","data":"h"}
commodity_demon: {"_event":"heartbeat","data":"h"}
commodity_demon: {"_event":"heartbeat","data":"h"}
commodity_demon: {"_event":"heartbeat","data":"h"}
commodity_demon: {"_event":"heartbeat","data":"h"}
commodity_demon: {"_event":"heartbeat","data":"h"}
commodity_demon: {"_event":"heartbeat","data":"h"}
commodity_demon: {"_event":"heartbeat","data":"h"}
commodity_demon: {"_event":"heartbeat","data":"h"}
commodity_demon: {"_event":"heartbeat","data":"h"}
commodity_demon: {"_event":"heartbeat","data":"h"}
commodity_demon: {"_event":"heartbeat","data":"h"}
commodity_demon: {"_event":"heartbeat","data":"h"}
commodity_demon: {"_event":"heartbeat","data":"h"}
commodity_demon: {"_event":"heartbeat","data":"h"}
commodity_demon: {"_event":"heartbeat","data":"h"}
commodity_demon: {"_event":"heartbeat","data":"h"}
commodity_demon: {"_event":"heartbeat","data":"h"}
commodity_demon: {"_event":"heartbeat","data":"h"}
commodity_demon: {"_event":"heartbeat","data":"h"}
commodity_demon: {"_event":"heartbeat","data":"h"}
commodity_demon: {"_event":"heartbeat","data":"h"}
commodity_demon: {"_event":"heartbeat","data":"h"}
commodity_demon: {"_event":"heartbeat","data":"h"}
commodity_demon: {"_event":"heartbeat","data":"h"}
commodity_demon: {"_event":"heartbeat","data":"h"}
commodity_demon: {"message":"pid-8849::{\"pid\":\"8849\",\"last_dir\":\"redBg\",\"last_numeric\":37.16,\"last\":\"37.16\",\"bid\":\"37.13\",\"ask\":\"37.18\",\"high\":\"37.66\",\"low\":\"37.16\",\"pc\":\"-0.71\",\"pcp\":\"-1.89%\",\"pc_col\":\"redFont\",\"time\":\"0:59:09\",\"timestamp\":1451437149}"}
commodity_demon: {"_event":"heartbeat","data":"h"}
commodity_demon: {"_event":"heartbeat","data":"h"}
commodity_demon: {"message":"pid-8849::{\"pid\":\"8849\",\"last_dir\":\"greenBg\",\"last_numeric\":37.16,\"last\":\"37.16\",\"bid\":\"37.14\",\"ask\":\"37.19\",\"high\":\"37.66\",\"low\":\"37.16\",\"pc\":\"-0.70\",\"pcp\":\"-1.86%\",\"pc_col\":\"redFont\",\"time\":\"0:59:15\",\"timestamp\":1451437155}"}
commodity_demon: {"_event":"heartbeat","data":"h"}
commodity_demon: {"message":"pid-8849::{\"pid\":\"8849\",\"last_dir\":\"redBg\",\"last_numeric\":37.16,\"last\":\"37.16\",\"bid\":\"37.13\",\"ask\":\"37.18\",\"high\":\"37.66\",\"low\":\"37.16\",\"pc\":\"-0.71\",\"pcp\":\"-1.89%\",\"pc_col\":\"redFont\",\"time\":\"0:59:18\",\"timestamp\":1451437158}"}
commodity_demon: {"_event":"heartbeat","data":"h"}
commodity_demon: {"_event":"heartbeat","data":"h"}
commodity_demon: {"_event":"heartbeat","data":"h"}
commodity_demon: {"message":"pid-8849::{\"pid\":\"8849\",\"last_dir\":\"greenBg\",\"last_numeric\":37.16,\"last\":\"37.16\",\"bid\":\"37.14\",\"ask\":\"37.19\",\"high\":\"37.66\",\"low\":\"37.16\",\"pc\":\"-0.70\",\"pcp\":\"-1.86%\",\"pc_col\":\"redFont\",\"time\":\"0:59:27\",\"timestamp\":1451437167}"}
commodity_demon: {"_event":"heartbeat","data":"h"}
commodity_demon: {"_event":"heartbeat","data":"h"}
commodity_demon: {"_event":"heartbeat","data":"h"}
commodity_demon: {"_event":"heartbeat","data":"h"}
commodity_demon: {"_event":"heartbeat","data":"h"}
commodity_demon: {"_event":"heartbeat","data":"h"}
commodity_demon: {"_event":"heartbeat","data":"h"}
commodity_demon: {"_event":"heartbeat","data":"h"}
commodity_demon: {"_event":"heartbeat","data":"h"}
commodity_demon: {"_event":"heartbeat","data":"h"}
commodity_demon: {"_event":"heartbeat","data":"h"}
commodity_demon: {"_event":"heartbeat","data":"h"}
commodity_demon: {"_event":"heartbeat","data":"h"}
commodity_demon: {"_event":"heartbeat","data":"h"}
commodity_demon: {"_event":"heartbeat","data":"h"}
commodity_demon: {"_event":"heartbeat","data":"h"}
commodity_demon: {"_event":"heartbeat","data":"h"}
commodity_demon: {"_event":"heartbeat","data":"h"}
commodity_demon: {"message":"pid-8849::{\"pid\":\"8849\",\"last_dir\":\"greenBg\",\"last_numeric\":37.17,\"last\":\"37.17\",\"bid\":\"37.15\",\"ask\":\"37.20\",\"high\":\"37.66\",\"low\":\"37.16\",\"pc\":\"-0.70\",\"pcp\":\"-1.84%\",\"pc_col\":\"redFont\",\"time\":\"1:00:06\",\"timestamp\":1451437206}"}
commodity_demon: {"_event":"heartbeat","data":"h"}
commodity_demon: {"_event":"heartbeat","data":"h"}
commodity_demon: {"_event":"heartbeat","data":"h"}
commodity_demon: {"_event":"heartbeat","data":"h"}
commodity_demon: {"_event":"heartbeat","data":"h"}
commodity_demon: {"_event":"heartbeat","data":"h"}
commodity_demon: {"_event":"heartbeat","data":"h"}
commodity_demon: {"_event":"heartbeat","data":"h"}
commodity_demon: {"_event":"heartbeat","data":"h"}
commodity_demon: {"_event":"heartbeat","data":"h"}
commodity_demon: {"message":"pid-8849::{\"pid\":\"8849\",\"last_dir\":\"greenBg\",\"last_numeric\":37.19,\"last\":\"37.19\",\"bid\":\"37.16\",\"ask\":\"37.21\",\"high\":\"37.66\",\"low\":\"37.16\",\"pc\":\"-0.68\",\"pcp\":\"-1.81%\",\"pc_col\":\"redFont\",\"time\":\"1:00:30\",\"timestamp\":1451437230}"}
commodity_demon: {"_event":"heartbeat","data":"h"}
commodity_demon: {"message":"pid-8849::{\"pid\":\"8849\",\"last_dir\":\"redBg\",\"last_numeric\":37.18,\"last\":\"37.18\",\"bid\":\"37.15\",\"ask\":\"37.21\",\"high\":\"37.66\",\"low\":\"37.16\",\"pc\":\"-0.69\",\"pcp\":\"-1.82%\",\"pc_col\":\"redFont\",\"time\":\"1:00:33\",\"timestamp\":1451437233}"}
commodity_demon: {"_event":"heartbeat","data":"h"}
commodity_demon: {"message":"pid-8849::{\"pid\":\"8849\",\"last_dir\":\"greenBg\",\"last_numeric\":37.19,\"last\":\"37.19\",\"bid\":\"37.16\",\"ask\":\"37.21\",\"high\":\"37.66\",\"low\":\"37.16\",\"pc\":\"-0.68\",\"pcp\":\"-1.81%\",\"pc_col\":\"redFont\",\"time\":\"1:00:36\",\"timestamp\":1451437236}"}
commodity_demon: {"_event":"heartbeat","data":"h"}
commodity_demon: {"_event":"heartbeat","data":"h"}
commodity_demon: {"_event":"heartbeat","data":"h"}
commodity_demon: {"_event":"heartbeat","data":"h"}
commodity_demon: {"_event":"heartbeat","data":"h"}
commodity_demon: {"_event":"heartbeat","data":"h"}
commodity_demon: {"_event":"heartbeat","data":"h"}
commodity_demon: {"_event":"heartbeat","data":"h"}
commodity_demon: {"_event":"heartbeat","data":"h"}
commodity_demon: {"_event":"heartbeat","data":"h"}
commodity_demon: {"_event":"heartbeat","data":"h"}
commodity_demon: {"_event":"heartbeat","data":"h"}
commodity_demon: {"_event":"heartbeat","data":"h"}
commodity_demon: {"_event":"heartbeat","data":"h"}
commodity_demon: {"_event":"heartbeat","data":"h"}
commodity_demon: {"_event":"heartbeat","data":"h"}
commodity_demon: {"_event":"heartbeat","data":"h"}
commodity_demon: {"_event":"heartbeat","data":"h"}
commodity_demon: {"_event":"heartbeat","data":"h"}
commodity_demon: {"_event":"heartbeat","data":"h"}
commodity_demon: {"_event":"heartbeat","data":"h"}
commodity_demon: {"_event":"heartbeat","data":"h"}
commodity_demon: {"_event":"heartbeat","data":"h"}
commodity_demon: {"_event":"heartbeat","data":"h"}
commodity_demon: {"_event":"heartbeat","data":"h"}
commodity_demon: {"_event":"heartbeat","data":"h"}
commodity_demon: {"_event":"heartbeat","data":"h"}
commodity_demon: {"message":"pid-8849::{\"pid\":\"8849\",\"last_dir\":\"redBg\",\"last_numeric\":37.18,\"last\":\"37.18\",\"bid\":\"37.15\",\"ask\":\"37.21\",\"high\":\"37.66\",\"low\":\"37.16\",\"pc\":\"-0.69\",\"pcp\":\"-1.82%\",\"pc_col\":\"redFont\",\"time\":\"1:01:39\",\"timestamp\":1451437299}"}
commodity_demon: {"_event":"heartbeat","data":"h"}
commodity_demon: {"message":"pid-8849::{\"pid\":\"8849\",\"last_dir\":\"greenBg\",\"last_numeric\":37.19,\"last\":\"37.19\",\"bid\":\"37.16\",\"ask\":\"37.21\",\"high\":\"37.66\",\"low\":\"37.16\",\"pc\":\"-0.68\",\"pcp\":\"-1.81%\",\"pc_col\":\"redFont\",\"time\":\"1:01:42\",\"timestamp\":1451437302}"}
commodity_demon: {"_event":"heartbeat","data":"h"}
commodity_demon: {"message":"pid-8849::{\"pid\":\"8849\",\"last_dir\":\"redBg\",\"last_numeric\":37.18,\"last\":\"37.18\",\"bid\":\"37.15\",\"ask\":\"37.21\",\"high\":\"37.66\",\"low\":\"37.16\",\"pc\":\"-0.69\",\"pcp\":\"-1.82%\",\"pc_col\":\"redFont\",\"time\":\"1:01:45\",\"timestamp\":1451437305}"}
commodity_demon: {"_event":"heartbeat","data":"h"}
commodity_demon: {"message":"pid-8849::{\"pid\":\"8849\",\"last_dir\":\"redBg\",\"last_numeric\":37.17,\"last\":\"37.17\",\"bid\":\"37.15\",\"ask\":\"37.20\",\"high\":\"37.66\",\"low\":\"37.16\",\"pc\":\"-0.70\",\"pcp\":\"-1.84%\",\"pc_col\":\"redFont\",\"time\":\"1:01:48\",\"timestamp\":1451437308}"}
commodity_demon: {"_event":"heartbeat","data":"h"}
commodity_demon: {"_event":"heartbeat","data":"h"}
commodity_demon: {"_event":"heartbeat","data":"h"}
commodity_demon: {"_event":"heartbeat","data":"h"}
commodity_demon: {"_event":"heartbeat","data":"h"}
commodity_demon: {"_event":"heartbeat","data":"h"}
commodity_demon: {"_event":"heartbeat","data":"h"}
commodity_demon: {"_event":"heartbeat","data":"h"}
commodity_demon: {"_event":"heartbeat","data":"h"}
commodity_demon: {"_event":"heartbeat","data":"h"}
commodity_demon: {"_event":"heartbeat","data":"h"}
commodity_demon: {"_event":"heartbeat","data":"h"}
commodity_demon: {"_event":"heartbeat","data":"h"}
commodity_demon: {"_event":"heartbeat","data":"h"}
commodity_demon: {"_event":"heartbeat","data":"h"}
commodity_demon: {"_event":"heartbeat","data":"h"}
commodity_demon: {"_event":"heartbeat","data":"h"}
commodity_demon: {"_event":"heartbeat","data":"h"}
commodity_demon: {"_event":"heartbeat","data":"h"}
commodity_demon: {"_event":"heartbeat","data":"h"}
commodity_demon: {"_event":"heartbeat","data":"h"}
commodity_demon: {"_event":"heartbeat","data":"h"}
commodity_demon: {"_event":"heartbeat","data":"h"}
commodity_demon: {"message":"pid-8849::{\"pid\":\"8849\",\"last_dir\":\"greenBg\",\"last_numeric\":37.18,\"last\":\"37.18\",\"bid\":\"37.15\",\"ask\":\"37.21\",\"high\":\"37.66\",\"low\":\"37.16\",\"pc\":\"-0.69\",\"pcp\":\"-1.82%\",\"pc_col\":\"redFont\",\"time\":\"1:02:43\",\"timestamp\":1451437363}"}
commodity_demon: {"_event":"heartbeat","data":"h"}
commodity_demon: {"message":"pid-8849::{\"pid\":\"8849\",\"last_dir\":\"greenBg\",\"last_numeric\":37.19,\"last\":\"37.19\",\"bid\":\"37.16\",\"ask\":\"37.21\",\"high\":\"37.66\",\"low\":\"37.16\",\"pc\":\"-0.68\",\"pcp\":\"-1.81%\",\"pc_col\":\"redFont\",\"time\":\"1:02:46\",\"timestamp\":1451437366}"}
commodity_demon: {"_event":"heartbeat","data":"h"}
commodity_demon: {"message":"pid-8849::{\"pid\":\"8849\",\"last_dir\":\"redBg\",\"last_numeric\":37.17,\"last\":\"37.17\",\"bid\":\"37.15\",\"ask\":\"37.20\",\"high\":\"37.66\",\"low\":\"37.16\",\"pc\":\"-0.70\",\"pcp\":\"-1.84%\",\"pc_col\":\"redFont\",\"time\":\"1:02:49\",\"timestamp\":1451437369}"}
commodity_demon: {"_event":"heartbeat","data":"h"}
commodity_demon: {"_event":"heartbeat","data":"h"}
commodity_demon: {"message":"pid-8849::{\"pid\":\"8849\",\"last_dir\":\"greenBg\",\"last_numeric\":37.19,\"last\":\"37.19\",\"bid\":\"37.16\",\"ask\":\"37.21\",\"high\":\"37.66\",\"low\":\"37.16\",\"pc\":\"-0.68\",\"pcp\":\"-1.81%\",\"pc_col\":\"redFont\",\"time\":\"1:02:55\",\"timestamp\":1451437375}"}
commodity_demon: {"_event":"heartbeat","data":"h"}
commodity_demon: {"_event":"heartbeat","data":"h"}
commodity_demon: {"_event":"heartbeat","data":"h"}
commodity_demon: {"_event":"heartbeat","data":"h"}
commodity_demon: {"_event":"heartbeat","data":"h"}
commodity_demon: {"_event":"heartbeat","data":"h"}
commodity_demon: {"_event":"heartbeat","data":"h"}
commodity_demon: {"_event":"heartbeat","data":"h"}
commodity_demon: {"_event":"heartbeat","data":"h"}
commodity_demon: {"_event":"heartbeat","data":"h"}
commodity_demon: {"_event":"heartbeat","data":"h"}
commodity_demon: {"_event":"heartbeat","data":"h"}
commodity_demon: {"_event":"heartbeat","data":"h"}
commodity_demon: {"_event":"heartbeat","data":"h"}
commodity_demon: {"_event":"heartbeat","data":"h"}
commodity_demon: {"_event":"heartbeat","data":"h"}
commodity_demon: {"_event":"heartbeat","data":"h"}
commodity_demon: {"_event":"heartbeat","data":"h"}
commodity_demon: {"_event":"heartbeat","data":"h"}
commodity_demon: {"_event":"heartbeat","data":"h"}
commodity_demon: {"_event":"heartbeat","data":"h"}
commodity_demon: {"_event":"heartbeat","data":"h"}
commodity_demon: {"_event":"heartbeat","data":"h"}
commodity_demon: {"_event":"heartbeat","data":"h"}
commodity_demon: {"_event":"heartbeat","data":"h"}
commodity_demon: {"_event":"heartbeat","data":"h"}
commodity_demon: {"_event":"heartbeat","data":"h"}
commodity_demon: {"_event":"heartbeat","data":"h"}
commodity_demon: {"_event":"heartbeat","data":"h"}
commodity_demon: {"_event":"heartbeat","data":"h"}
commodity_demon: {"_event":"heartbeat","data":"h"}
commodity_demon: {"_event":"heartbeat","data":"h"}
commodity_demon: {"_event":"heartbeat","data":"h"}
commodity_demon: {"_event":"heartbeat","data":"h"}
commodity_demon: {"_event":"heartbeat","data":"h"}
commodity_demon: {"_event":"heartbeat","data":"h"}
commodity_demon: {"_event":"heartbeat","data":"h"}
commodity_demon: {"_event":"heartbeat","data":"h"}
commodity_demon: {"_event":"heartbeat","data":"h"}
commodity_demon: {"_event":"heartbeat","data":"h"}
commodity_demon: {"_event":"heartbeat","data":"h"}
commodity_demon: {"_event":"heartbeat","data":"h"}
commodity_demon: {"_event":"heartbeat","data":"h"}
commodity_demon: {"_event":"heartbeat","data":"h"}
commodity_demon: {"_event":"heartbeat","data":"h"}
commodity_demon: {"_event":"heartbeat","data":"h"}
commodity_demon: {"_event":"heartbeat","data":"h"}
commodity_demon: {"_event":"heartbeat","data":"h"}
commodity_demon: {"_event":"heartbeat","data":"h"}
commodity_demon: {"_event":"heartbeat","data":"h"}
commodity_demon: {"_event":"heartbeat","data":"h"}
commodity_demon: {"_event":"heartbeat","data":"h"}
commodity_demon: {"_event":"heartbeat","data":"h"}
commodity_demon: {"_event":"heartbeat","data":"h"}
commodity_demon: {"_event":"heartbeat","data":"h"}
commodity_demon: {"_event":"heartbeat","data":"h"}
commodity_demon: {"_event":"heartbeat","data":"h"}
commodity_demon: {"_event":"heartbeat","data":"h"}
commodity_demon: {"_event":"heartbeat","data":"h"}
commodity_demon: {"_event":"heartbeat","data":"h"}
commodity_demon: {"_event":"heartbeat","data":"h"}
commodity_demon: {"_event":"heartbeat","data":"h"}
commodity_demon: {"_event":"heartbeat","data":"h"}
commodity_demon: {"_event":"heartbeat","data":"h"}
commodity_demon: {"_event":"heartbeat","data":"h"}
commodity_demon: {"_event":"heartbeat","data":"h"}
commodity_demon: {"_event":"heartbeat","data":"h"}
commodity_demon: {"_event":"heartbeat","data":"h"}
commodity_demon: {"_event":"heartbeat","data":"h"}
commodity_demon: {"_event":"heartbeat","data":"h"}
commodity_demon: {"_event":"heartbeat","data":"h"}
commodity_demon: {"_event":"heartbeat","data":"h"}
commodity_demon: {"_event":"heartbeat","data":"h"}
commodity_demon: {"_event":"heartbeat","data":"h"}
commodity_demon: {"_event":"heartbeat","data":"h"}
commodity_demon: {"_event":"heartbeat","data":"h"}
commodity_demon: {"_event":"heartbeat","data":"h"}
commodity_demon: {"_event":"heartbeat","data":"h"}
commodity_demon: {"_event":"heartbeat","data":"h"}
commodity_demon: {"_event":"heartbeat","data":"h"}
commodity_demon: {"_event":"heartbeat","data":"h"}
commodity_demon: {"_event":"heartbeat","data":"h"}
commodity_demon: {"_event":"heartbeat","data":"h"}
commodity_demon: {"_event":"heartbeat","data":"h"}
commodity_demon: {"_event":"heartbeat","data":"h"}
commodity_demon: {"_event":"heartbeat","data":"h"}
commodity_demon: {"_event":"heartbeat","data":"h"}
commodity_demon: {"_event":"heartbeat","data":"h"}
commodity_demon: {"_event":"heartbeat","data":"h"}
commodity_demon: {"_event":"heartbeat","data":"h"}
commodity_demon: {"_event":"heartbeat","data":"h"}
commodity_demon: {"_event":"heartbeat","data":"h"}
commodity_demon: {"_event":"heartbeat","data":"h"}
commodity_demon: {"_event":"heartbeat","data":"h"}
commodity_demon: {"message":"pid-8849::{\"pid\":\"8849\",\"last_dir\":\"redBg\",\"last_numeric\":37.17,\"last\":\"37.17\",\"bid\":\"37.15\",\"ask\":\"37.20\",\"high\":\"37.66\",\"low\":\"37.16\",\"pc\":\"-0.70\",\"pcp\":\"-1.84%\",\"pc_col\":\"redFont\",\"time\":\"1:06:31\",\"timestamp\":1451437591}"}
commodity_demon: {"_event":"heartbeat","data":"h"}
commodity_demon: {"message":"pid-8849::{\"pid\":\"8849\",\"last_dir\":\"greenBg\",\"last_numeric\":37.19,\"last\":\"37.19\",\"bid\":\"37.16\",\"ask\":\"37.21\",\"high\":\"37.66\",\"low\":\"37.16\",\"pc\":\"-0.68\",\"pcp\":\"-1.81%\",\"pc_col\":\"redFont\",\"time\":\"1:06:34\",\"timestamp\":1451437594}"}
commodity_demon: {"_event":"heartbeat","data":"h"}
commodity_demon: {"_event":"heartbeat","data":"h"}
commodity_demon: {"_event":"heartbeat","data":"h"}
commodity_demon: {"_event":"heartbeat","data":"h"}
commodity_demon: {"_event":"heartbeat","data":"h"}
commodity_demon: {"_event":"heartbeat","data":"h"}
commodity_demon: {"_event":"heartbeat","data":"h"}
